2015/04/26 07:44:50 [error] [exception.CException] exception 'CException' with message 'PageController cannot find the requested view "index".' in C:\xampp\htdocs\yii\framework\web\CController.php:878
Stack trace:
#0 C:\xampp\htdocs\yii\framework\web\CController.php(782): CController->renderPartial('index', NULL, true)
#1 C:\xampp\htdocs\yii\protected\controllers\PageController.php(11): CController->render('index')
#2 C:\xampp\htdocs\yii\framework\web\actions\CInlineAction.php(49): PageController->actionIndex()
#3 C:\xampp\htdocs\yii\framework\web\CController.php(308): CInlineAction->runWithParams(Array)
#4 C:\xampp\htdocs\yii\framework\web\CController.php(286): CController->runAction(Object(CInlineAction))
#5 C:\xampp\htdocs\yii\framework\web\CController.php(265): CController->runActionWithFilters(Object(CInlineAction), Array)
#6 C:\xampp\htdocs\yii\framework\web\CWebApplication.php(282): CController->run('')
#7 C:\xampp\htdocs\yii\framework\web\CWebApplication.php(141): CWebApplication->runController('page')
#8 C:\xampp\htdocs\yii\framework\base\CApplication.php(184): CWebApplication->processRequest()
#9 C:\xampp\htdocs\yii\index.php(13): CApplication->run()
#10 {main}
REQUEST_URI=/yii/index.php?r=page
---
2015/04/26 08:19:52 [error] [exception.CHttpException.404] exception 'CHttpException' with message 'The system is unable to find the requested action "assets".' in C:\xampp\htdocs\yii\framework\web\CController.php:483
Stack trace:
#0 C:\xampp\htdocs\yii\framework\web\CController.php(270): CController->missingAction('assets')
#1 C:\xampp\htdocs\yii\framework\web\CWebApplication.php(282): CController->run('assets')
#2 C:\xampp\htdocs\yii\framework\web\CWebApplication.php(141): CWebApplication->runController('page/assets/css...')
#3 C:\xampp\htdocs\yii\framework\base\CApplication.php(184): CWebApplication->processRequest()
#4 C:\xampp\htdocs\yii\index.php(13): CApplication->run()
#5 {main}
REQUEST_URI=/yii/page/assets/css/themes/purple.css
HTTP_REFERER=http://localhost/yii/page/index
---
2015/04/26 08:19:55 [error] [exception.CHttpException.404] exception 'CHttpException' with message 'The system is unable to find the requested action "assets".' in C:\xampp\htdocs\yii\framework\web\CController.php:483
Stack trace:
#0 C:\xampp\htdocs\yii\framework\web\CController.php(270): CController->missingAction('assets')
#1 C:\xampp\htdocs\yii\framework\web\CWebApplication.php(282): CController->run('assets')
#2 C:\xampp\htdocs\yii\framework\web\CWebApplication.php(141): CWebApplication->runController('page/assets/css...')
#3 C:\xampp\htdocs\yii\framework\base\CApplication.php(184): CWebApplication->processRequest()
#4 C:\xampp\htdocs\yii\index.php(13): CApplication->run()
#5 {main}
REQUEST_URI=/yii/page/assets/css/themes/red.css
HTTP_REFERER=http://localhost/yii/page/index
---
2015/04/26 08:19:58 [error] [exception.CHttpException.404] exception 'CHttpException' with message 'The system is unable to find the requested action "assets".' in C:\xampp\htdocs\yii\framework\web\CController.php:483
Stack trace:
#0 C:\xampp\htdocs\yii\framework\web\CController.php(270): CController->missingAction('assets')
#1 C:\xampp\htdocs\yii\framework\web\CWebApplication.php(282): CController->run('assets')
#2 C:\xampp\htdocs\yii\framework\web\CWebApplication.php(141): CWebApplication->runController('page/assets/css...')
#3 C:\xampp\htdocs\yii\framework\base\CApplication.php(184): CWebApplication->processRequest()
#4 C:\xampp\htdocs\yii\index.php(13): CApplication->run()
#5 {main}
REQUEST_URI=/yii/page/assets/css/themes/green.css
HTTP_REFERER=http://localhost/yii/page/index
---
2015/04/26 08:20:01 [error] [exception.CHttpException.404] exception 'CHttpException' with message 'The system is unable to find the requested action "assets".' in C:\xampp\htdocs\yii\framework\web\CController.php:483
Stack trace:
#0 C:\xampp\htdocs\yii\framework\web\CController.php(270): CController->missingAction('assets')
#1 C:\xampp\htdocs\yii\framework\web\CWebApplication.php(282): CController->run('assets')
#2 C:\xampp\htdocs\yii\framework\web\CWebApplication.php(141): CWebApplication->runController('page/assets/css...')
#3 C:\xampp\htdocs\yii\framework\base\CApplication.php(184): CWebApplication->processRequest()
#4 C:\xampp\htdocs\yii\index.php(13): CApplication->run()
#5 {main}
REQUEST_URI=/yii/page/assets/css/themes/blue.css
HTTP_REFERER=http://localhost/yii/page/index
---
2015/04/26 08:20:02 [error] [exception.CHttpException.404] exception 'CHttpException' with message 'The system is unable to find the requested action "assets".' in C:\xampp\htdocs\yii\framework\web\CController.php:483
Stack trace:
#0 C:\xampp\htdocs\yii\framework\web\CController.php(270): CController->missingAction('assets')
#1 C:\xampp\htdocs\yii\framework\web\CWebApplication.php(282): CController->run('assets')
#2 C:\xampp\htdocs\yii\framework\web\CWebApplication.php(141): CWebApplication->runController('page/assets/css...')
#3 C:\xampp\htdocs\yii\framework\base\CApplication.php(184): CWebApplication->processRequest()
#4 C:\xampp\htdocs\yii\index.php(13): CApplication->run()
#5 {main}
REQUEST_URI=/yii/page/assets/css/themes/blue.css
HTTP_REFERER=http://localhost/yii/page/index
---
2015/04/26 08:20:05 [error] [exception.CHttpException.404] exception 'CHttpException' with message 'The system is unable to find the requested action "assets".' in C:\xampp\htdocs\yii\framework\web\CController.php:483
Stack trace:
#0 C:\xampp\htdocs\yii\framework\web\CController.php(270): CController->missingAction('assets')
#1 C:\xampp\htdocs\yii\framework\web\CWebApplication.php(282): CController->run('assets')
#2 C:\xampp\htdocs\yii\framework\web\CWebApplication.php(141): CWebApplication->runController('page/assets/css...')
#3 C:\xampp\htdocs\yii\framework\base\CApplication.php(184): CWebApplication->processRequest()
#4 C:\xampp\htdocs\yii\index.php(13): CApplication->run()
#5 {main}
REQUEST_URI=/yii/page/assets/css/themes/purple.css
HTTP_REFERER=http://localhost/yii/page/index
---
2015/04/26 08:20:07 [error] [exception.CHttpException.404] exception 'CHttpException' with message 'The system is unable to find the requested action "assets".' in C:\xampp\htdocs\yii\framework\web\CController.php:483
Stack trace:
#0 C:\xampp\htdocs\yii\framework\web\CController.php(270): CController->missingAction('assets')
#1 C:\xampp\htdocs\yii\framework\web\CWebApplication.php(282): CController->run('assets')
#2 C:\xampp\htdocs\yii\framework\web\CWebApplication.php(141): CWebApplication->runController('page/assets/css...')
#3 C:\xampp\htdocs\yii\framework\base\CApplication.php(184): CWebApplication->processRequest()
#4 C:\xampp\htdocs\yii\index.php(13): CApplication->run()
#5 {main}
REQUEST_URI=/yii/page/assets/css/themes/dark.css
HTTP_REFERER=http://localhost/yii/page/index
---
2015/04/26 08:20:07 [error] [exception.CHttpException.404] exception 'CHttpException' with message 'The system is unable to find the requested action "assets".' in C:\xampp\htdocs\yii\framework\web\CController.php:483
Stack trace:
#0 C:\xampp\htdocs\yii\framework\web\CController.php(270): CController->missingAction('assets')
#1 C:\xampp\htdocs\yii\framework\web\CWebApplication.php(282): CController->run('assets')
#2 C:\xampp\htdocs\yii\framework\web\CWebApplication.php(141): CWebApplication->runController('page/assets/css...')
#3 C:\xampp\htdocs\yii\framework\base\CApplication.php(184): CWebApplication->processRequest()
#4 C:\xampp\htdocs\yii\index.php(13): CApplication->run()
#5 {main}
REQUEST_URI=/yii/page/assets/css/themes/dark.css
HTTP_REFERER=http://localhost/yii/page/index
---
2015/04/26 08:20:07 [error] [exception.CHttpException.404] exception 'CHttpException' with message 'The system is unable to find the requested action "assets".' in C:\xampp\htdocs\yii\framework\web\CController.php:483
Stack trace:
#0 C:\xampp\htdocs\yii\framework\web\CController.php(270): CController->missingAction('assets')
#1 C:\xampp\htdocs\yii\framework\web\CWebApplication.php(282): CController->run('assets')
#2 C:\xampp\htdocs\yii\framework\web\CWebApplication.php(141): CWebApplication->runController('page/assets/css...')
#3 C:\xampp\htdocs\yii\framework\base\CApplication.php(184): CWebApplication->processRequest()
#4 C:\xampp\htdocs\yii\index.php(13): CApplication->run()
#5 {main}
REQUEST_URI=/yii/page/assets/css/themes/dark.css
HTTP_REFERER=http://localhost/yii/page/index
---
2015/04/26 08:20:08 [error] [exception.CHttpException.404] exception 'CHttpException' with message 'The system is unable to find the requested action "assets".' in C:\xampp\htdocs\yii\framework\web\CController.php:483
Stack trace:
#0 C:\xampp\htdocs\yii\framework\web\CController.php(270): CController->missingAction('assets')
#1 C:\xampp\htdocs\yii\framework\web\CWebApplication.php(282): CController->run('assets')
#2 C:\xampp\htdocs\yii\framework\web\CWebApplication.php(141): CWebApplication->runController('page/assets/css...')
#3 C:\xampp\htdocs\yii\framework\base\CApplication.php(184): CWebApplication->processRequest()
#4 C:\xampp\htdocs\yii\index.php(13): CApplication->run()
#5 {main}
REQUEST_URI=/yii/page/assets/css/themes/dark.css
HTTP_REFERER=http://localhost/yii/page/index
---
2015/04/26 08:20:10 [error] [exception.CHttpException.404] exception 'CHttpException' with message 'The system is unable to find the requested action "assets".' in C:\xampp\htdocs\yii\framework\web\CController.php:483
Stack trace:
#0 C:\xampp\htdocs\yii\framework\web\CController.php(270): CController->missingAction('assets')
#1 C:\xampp\htdocs\yii\framework\web\CWebApplication.php(282): CController->run('assets')
#2 C:\xampp\htdocs\yii\framework\web\CWebApplication.php(141): CWebApplication->runController('page/assets/css...')
#3 C:\xampp\htdocs\yii\framework\base\CApplication.php(184): CWebApplication->processRequest()
#4 C:\xampp\htdocs\yii\index.php(13): CApplication->run()
#5 {main}
REQUEST_URI=/yii/page/assets/css/themes/white.css
HTTP_REFERER=http://localhost/yii/page/index
---
2015/04/28 10:27:55 [error] [php] Undefined variable: pegawai (C:\xampp\htdocs\yii\protected\views\page\view.php:100)
Stack trace:
#0 C:\xampp\htdocs\yii\framework\web\CController.php(869): PageController->renderFile()
#1 C:\xampp\htdocs\yii\framework\web\CController.php(782): PageController->renderPartial()
#2 C:\xampp\htdocs\yii\protected\controllers\PageController.php(41): PageController->render()
#3 unknown(0): PageController->actionView()
#4 C:\xampp\htdocs\yii\framework\web\actions\CAction.php(109): ReflectionMethod->invokeArgs()
#5 C:\xampp\htdocs\yii\framework\web\actions\CInlineAction.php(47): CInlineAction->runWithParamsInternal()
#6 C:\xampp\htdocs\yii\framework\web\CController.php(308): CInlineAction->runWithParams()
#7 C:\xampp\htdocs\yii\framework\web\CController.php(286): PageController->runAction()
#8 C:\xampp\htdocs\yii\framework\web\CController.php(265): PageController->runActionWithFilters()
#9 C:\xampp\htdocs\yii\framework\web\CWebApplication.php(282): PageController->run()
#10 C:\xampp\htdocs\yii\framework\web\CWebApplication.php(141): CWebApplication->runController()
#11 C:\xampp\htdocs\yii\framework\base\CApplication.php(184): CWebApplication->processRequest()
#12 C:\xampp\htdocs\yii\index.php(13): CWebApplication->run()
REQUEST_URI=/yii/index.php/page/110
in C:\xampp\htdocs\yii\protected\views\page\view.php (100)
in C:\xampp\htdocs\yii\protected\controllers\PageController.php (41)
in C:\xampp\htdocs\yii\index.php (13)
2015/04/28 10:29:54 [error] [exception.CHttpException.404] exception 'CHttpException' with message 'The system is unable to find the requested action "177".' in C:\xampp\htdocs\yii\framework\web\CController.php:483
Stack trace:
#0 C:\xampp\htdocs\yii\framework\web\CController.php(270): CController->missingAction('177')
#1 C:\xampp\htdocs\yii\framework\web\CWebApplication.php(282): CController->run('177')
#2 C:\xampp\htdocs\yii\framework\web\CWebApplication.php(141): CWebApplication->runController('/page/177')
#3 C:\xampp\htdocs\yii\framework\base\CApplication.php(184): CWebApplication->processRequest()
#4 C:\xampp\htdocs\yii\index.php(13): CApplication->run()
#5 {main}
REQUEST_URI=/yii//page/177
---
2015/04/28 10:42:13 [error] [exception.CHttpException.400] exception 'CHttpException' with message 'Your request is invalid.' in C:\xampp\htdocs\yii\framework\web\CController.php:336
Stack trace:
#0 C:\xampp\htdocs\yii\framework\web\CController.php(309): CController->invalidActionParams(Object(CInlineAction))
#1 C:\xampp\htdocs\yii\framework\web\CController.php(286): CController->runAction(Object(CInlineAction))
#2 C:\xampp\htdocs\yii\framework\web\CController.php(265): CController->runActionWithFilters(Object(CInlineAction), Array)
#3 C:\xampp\htdocs\yii\framework\web\CWebApplication.php(282): CController->run('view')
#4 C:\xampp\htdocs\yii\framework\web\CWebApplication.php(141): CWebApplication->runController('page/view')
#5 C:\xampp\htdocs\yii\framework\base\CApplication.php(184): CWebApplication->processRequest()
#6 C:\xampp\htdocs\yii\index.php(13): CApplication->run()
#7 {main}
REQUEST_URI=/yii/page/view
HTTP_REFERER=http://localhost/yii/page/109
---
2015/04/28 10:48:09 [error] [system.db.CDbCommand] CDbCommand::execute() failed: SQLSTATE[42000]: Syntax error or access violation: 1064 You have an error in your SQL syntax; check the manual that corresponds to your MySQL server version for the right syntax to use near '* FROM pegawai WHERE id='109'' at line 1. The SQL statement executed was: DELETE * FROM pegawai WHERE id='109'.
in C:\xampp\htdocs\yii\protected\controllers\PageController.php (51)
in C:\xampp\htdocs\yii\index.php (13)
2015/04/28 10:48:09 [error] [exception.CDbException] exception 'CDbException' with message 'CDbCommand failed to execute the SQL statement: SQLSTATE[42000]: Syntax error or access violation: 1064 You have an error in your SQL syntax; check the manual that corresponds to your MySQL server version for the right syntax to use near '* FROM pegawai WHERE id='109'' at line 1. The SQL statement executed was: DELETE * FROM pegawai WHERE id='109'' in C:\xampp\htdocs\yii\framework\db\CDbCommand.php:358
Stack trace:
#0 C:\xampp\htdocs\yii\protected\controllers\PageController.php(51): CDbCommand->execute()
#1 [internal function]: PageController->actionDelete('109')
#2 C:\xampp\htdocs\yii\framework\web\actions\CAction.php(109): ReflectionMethod->invokeArgs(Object(PageController), Array)
#3 C:\xampp\htdocs\yii\framework\web\actions\CInlineAction.php(47): CAction->runWithParamsInternal(Object(PageController), Object(ReflectionMethod), Array)
#4 C:\xampp\htdocs\yii\framework\web\CController.php(308): CInlineAction->runWithParams(Array)
#5 C:\xampp\htdocs\yii\framework\web\CController.php(286): CController->runAction(Object(CInlineAction))
#6 C:\xampp\htdocs\yii\framework\web\CController.php(265): CController->runActionWithFilters(Object(CInlineAction), Array)
#7 C:\xampp\htdocs\yii\framework\web\CWebApplication.php(282): CController->run('delete')
#8 C:\xampp\htdocs\yii\framework\web\CWebApplication.php(141): CWebApplication->runController('page/delete')
#9 C:\xampp\htdocs\yii\framework\base\CApplication.php(184): CWebApplication->processRequest()
#10 C:\xampp\htdocs\yii\index.php(13): CApplication->run()
#11 {main}
REQUEST_URI=/yii/page/delete/109
HTTP_REFERER=http://localhost/yii/
---
2015/04/28 10:58:20 [error] [php] strpos() expects parameter 1 to be string, array given (C:\xampp\htdocs\yii\framework\web\CController.php:706)
Stack trace:
#0 C:\xampp\htdocs\yii\framework\web\CController.php(867): PageController->getViewFile()
#1 C:\xampp\htdocs\yii\framework\web\CController.php(782): PageController->renderPartial()
#2 C:\xampp\htdocs\yii\protected\controllers\PageController.php(58): PageController->render()
#3 C:\xampp\htdocs\yii\framework\web\actions\CInlineAction.php(49): PageController->actionCreate()
#4 C:\xampp\htdocs\yii\framework\web\CController.php(308): CInlineAction->runWithParams()
#5 C:\xampp\htdocs\yii\framework\web\CController.php(286): PageController->runAction()
#6 C:\xampp\htdocs\yii\framework\web\CController.php(265): PageController->runActionWithFilters()
#7 C:\xampp\htdocs\yii\framework\web\CWebApplication.php(282): PageController->run()
#8 C:\xampp\htdocs\yii\framework\web\CWebApplication.php(141): CWebApplication->runController()
#9 C:\xampp\htdocs\yii\framework\base\CApplication.php(184): CWebApplication->processRequest()
#10 C:\xampp\htdocs\yii\index.php(13): CWebApplication->run()
REQUEST_URI=/yii/page/create
in C:\xampp\htdocs\yii\protected\controllers\PageController.php (58)
in C:\xampp\htdocs\yii\index.php (13)
2015/04/28 10:59:23 [error] [php] strpos() expects parameter 1 to be string, array given (C:\xampp\htdocs\yii\framework\web\CController.php:706)
Stack trace:
#0 C:\xampp\htdocs\yii\framework\web\CController.php(867): PageController->getViewFile()
#1 C:\xampp\htdocs\yii\framework\web\CController.php(782): PageController->renderPartial()
#2 C:\xampp\htdocs\yii\protected\controllers\PageController.php(58): PageController->render()
#3 C:\xampp\htdocs\yii\framework\web\actions\CInlineAction.php(49): PageController->actionCreate()
#4 C:\xampp\htdocs\yii\framework\web\CController.php(308): CInlineAction->runWithParams()
#5 C:\xampp\htdocs\yii\framework\web\CController.php(286): PageController->runAction()
#6 C:\xampp\htdocs\yii\framework\web\CController.php(265): PageController->runActionWithFilters()
#7 C:\xampp\htdocs\yii\framework\web\CWebApplication.php(282): PageController->run()
#8 C:\xampp\htdocs\yii\framework\web\CWebApplication.php(141): CWebApplication->runController()
#9 C:\xampp\htdocs\yii\framework\base\CApplication.php(184): CWebApplication->processRequest()
#10 C:\xampp\htdocs\yii\index.php(13): CWebApplication->run()
REQUEST_URI=/yii/page/create
in C:\xampp\htdocs\yii\protected\controllers\PageController.php (58)
in C:\xampp\htdocs\yii\index.php (13)
2015/04/28 11:00:12 [error] [exception.CHttpException.404] exception 'CHttpException' with message 'The system is unable to find the requested action "create".' in C:\xampp\htdocs\yii\framework\web\CController.php:483
Stack trace:
#0 C:\xampp\htdocs\yii\framework\web\CController.php(270): CController->missingAction('create')
#1 C:\xampp\htdocs\yii\framework\web\CWebApplication.php(282): CController->run('create')
#2 C:\xampp\htdocs\yii\framework\web\CWebApplication.php(141): CWebApplication->runController('page/create')
#3 C:\xampp\htdocs\yii\framework\base\CApplication.php(184): CWebApplication->processRequest()
#4 C:\xampp\htdocs\yii\index.php(13): CApplication->run()
#5 {main}
REQUEST_URI=/yii/page/create
---
2015/04/28 11:01:01 [error] [exception.CException] exception 'CException' with message 'PageController cannot find the requested view "uu".' in C:\xampp\htdocs\yii\framework\web\CController.php:878
Stack trace:
#0 C:\xampp\htdocs\yii\framework\web\CController.php(782): CController->renderPartial('uu', NULL, true)
#1 C:\xampp\htdocs\yii\protected\controllers\PageController.php(58): CController->render('uu')
#2 C:\xampp\htdocs\yii\framework\web\actions\CInlineAction.php(49): PageController->actionCreate()
#3 C:\xampp\htdocs\yii\framework\web\CController.php(308): CInlineAction->runWithParams(Array)
#4 C:\xampp\htdocs\yii\framework\web\CController.php(286): CController->runAction(Object(CInlineAction))
#5 C:\xampp\htdocs\yii\framework\web\CController.php(265): CController->runActionWithFilters(Object(CInlineAction), Array)
#6 C:\xampp\htdocs\yii\framework\web\CWebApplication.php(282): CController->run('create')
#7 C:\xampp\htdocs\yii\framework\web\CWebApplication.php(141): CWebApplication->runController('page/create')
#8 C:\xampp\htdocs\yii\framework\base\CApplication.php(184): CWebApplication->processRequest()
#9 C:\xampp\htdocs\yii\index.php(13): CApplication->run()
#10 {main}
REQUEST_URI=/yii/page/create
---
2015/04/28 11:01:50 [error] [exception.CException] exception 'CException' with message 'PageController cannot find the requested view "u".' in C:\xampp\htdocs\yii\framework\web\CController.php:878
Stack trace:
#0 C:\xampp\htdocs\yii\framework\web\CController.php(782): CController->renderPartial('u', NULL, true)
#1 C:\xampp\htdocs\yii\protected\controllers\PageController.php(58): CController->render('u')
#2 C:\xampp\htdocs\yii\framework\web\actions\CInlineAction.php(49): PageController->actionCreate()
#3 C:\xampp\htdocs\yii\framework\web\CController.php(308): CInlineAction->runWithParams(Array)
#4 C:\xampp\htdocs\yii\framework\web\CController.php(286): CController->runAction(Object(CInlineAction))
#5 C:\xampp\htdocs\yii\framework\web\CController.php(265): CController->runActionWithFilters(Object(CInlineAction), Array)
#6 C:\xampp\htdocs\yii\framework\web\CWebApplication.php(282): CController->run('create')
#7 C:\xampp\htdocs\yii\framework\web\CWebApplication.php(141): CWebApplication->runController('page/create')
#8 C:\xampp\htdocs\yii\framework\base\CApplication.php(184): CWebApplication->processRequest()
#9 C:\xampp\htdocs\yii\index.php(13): CApplication->run()
#10 {main}
REQUEST_URI=/yii/page/create
---
2015/04/28 12:59:19 [error] [system.db.CDbCommand] CDbCommand::execute() failed: SQLSTATE[21S01]: Insert value list does not match column list: 1136 Column count doesn't match value count at row 1. The SQL statement executed was: INSERT INTO pegawai VALUES('asd','asd','12312').
in C:\xampp\htdocs\yii\protected\controllers\PageController.php (68)
in C:\xampp\htdocs\yii\index.php (13)
2015/04/28 12:59:19 [error] [exception.CDbException] exception 'CDbException' with message 'CDbCommand failed to execute the SQL statement: SQLSTATE[21S01]: Insert value list does not match column list: 1136 Column count doesn't match value count at row 1. The SQL statement executed was: INSERT INTO pegawai VALUES('asd','asd','12312')' in C:\xampp\htdocs\yii\framework\db\CDbCommand.php:358
Stack trace:
#0 C:\xampp\htdocs\yii\protected\controllers\PageController.php(68): CDbCommand->execute()
#1 C:\xampp\htdocs\yii\framework\web\actions\CInlineAction.php(49): PageController->actionCreate()
#2 C:\xampp\htdocs\yii\framework\web\CController.php(308): CInlineAction->runWithParams(Array)
#3 C:\xampp\htdocs\yii\framework\web\CController.php(286): CController->runAction(Object(CInlineAction))
#4 C:\xampp\htdocs\yii\framework\web\CController.php(265): CController->runActionWithFilters(Object(CInlineAction), Array)
#5 C:\xampp\htdocs\yii\framework\web\CWebApplication.php(282): CController->run('create')
#6 C:\xampp\htdocs\yii\framework\web\CWebApplication.php(141): CWebApplication->runController('page/create')
#7 C:\xampp\htdocs\yii\framework\base\CApplication.php(184): CWebApplication->processRequest()
#8 C:\xampp\htdocs\yii\index.php(13): CApplication->run()
#9 {main}
REQUEST_URI=/yii/page/create
HTTP_REFERER=http://localhost/yii/page/create
---
2015/04/28 12:59:52 [error] [system.db.CDbCommand] CDbCommand::execute() failed: SQLSTATE[21S01]: Insert value list does not match column list: 1136 Column count doesn't match value count at row 1. The SQL statement executed was: INSERT INTO pegawai VALUES('asdas','asdsa','123').
in C:\xampp\htdocs\yii\protected\controllers\PageController.php (68)
in C:\xampp\htdocs\yii\index.php (13)
2015/04/28 12:59:52 [error] [exception.CDbException] exception 'CDbException' with message 'CDbCommand failed to execute the SQL statement: SQLSTATE[21S01]: Insert value list does not match column list: 1136 Column count doesn't match value count at row 1. The SQL statement executed was: INSERT INTO pegawai VALUES('asdas','asdsa','123')' in C:\xampp\htdocs\yii\framework\db\CDbCommand.php:358
Stack trace:
#0 C:\xampp\htdocs\yii\protected\controllers\PageController.php(68): CDbCommand->execute()
#1 C:\xampp\htdocs\yii\framework\web\actions\CInlineAction.php(49): PageController->actionCreate()
#2 C:\xampp\htdocs\yii\framework\web\CController.php(308): CInlineAction->runWithParams(Array)
#3 C:\xampp\htdocs\yii\framework\web\CController.php(286): CController->runAction(Object(CInlineAction))
#4 C:\xampp\htdocs\yii\framework\web\CController.php(265): CController->runActionWithFilters(Object(CInlineAction), Array)
#5 C:\xampp\htdocs\yii\framework\web\CWebApplication.php(282): CController->run('create')
#6 C:\xampp\htdocs\yii\framework\web\CWebApplication.php(141): CWebApplication->runController('page/create')
#7 C:\xampp\htdocs\yii\framework\base\CApplication.php(184): CWebApplication->processRequest()
#8 C:\xampp\htdocs\yii\index.php(13): CApplication->run()
#9 {main}
REQUEST_URI=/yii/page/create
HTTP_REFERER=http://localhost/yii/page/create
---
2015/04/28 13:13:27 [error] [php] Undefined variable: conncection (C:\xampp\htdocs\yii\protected\controllers\PageController.php:89)
Stack trace:
#0 C:\xampp\htdocs\yii\framework\web\actions\CInlineAction.php(47): CInlineAction->runWithParamsInternal()
#1 C:\xampp\htdocs\yii\framework\web\CController.php(308): CInlineAction->runWithParams()
#2 C:\xampp\htdocs\yii\framework\web\CController.php(286): PageController->runAction()
#3 C:\xampp\htdocs\yii\framework\web\CController.php(265): PageController->runActionWithFilters()
#4 C:\xampp\htdocs\yii\framework\web\CWebApplication.php(282): PageController->run()
#5 C:\xampp\htdocs\yii\framework\web\CWebApplication.php(141): CWebApplication->runController()
#6 C:\xampp\htdocs\yii\framework\base\CApplication.php(184): CWebApplication->processRequest()
#7 C:\xampp\htdocs\yii\index.php(13): CWebApplication->run()
REQUEST_URI=/yii/page/update/110
in C:\xampp\htdocs\yii\protected\controllers\PageController.php (89)
in C:\xampp\htdocs\yii\index.php (13)
2015/04/28 13:13:39 [error] [php] Undefined variable: connection (C:\xampp\htdocs\yii\protected\controllers\PageController.php:89)
Stack trace:
#0 C:\xampp\htdocs\yii\framework\web\actions\CInlineAction.php(47): CInlineAction->runWithParamsInternal()
#1 C:\xampp\htdocs\yii\framework\web\CController.php(308): CInlineAction->runWithParams()
#2 C:\xampp\htdocs\yii\framework\web\CController.php(286): PageController->runAction()
#3 C:\xampp\htdocs\yii\framework\web\CController.php(265): PageController->runActionWithFilters()
#4 C:\xampp\htdocs\yii\framework\web\CWebApplication.php(282): PageController->run()
#5 C:\xampp\htdocs\yii\framework\web\CWebApplication.php(141): CWebApplication->runController()
#6 C:\xampp\htdocs\yii\framework\base\CApplication.php(184): CWebApplication->processRequest()
#7 C:\xampp\htdocs\yii\index.php(13): CWebApplication->run()
REQUEST_URI=/yii/page/update/110
in C:\xampp\htdocs\yii\protected\controllers\PageController.php (89)
in C:\xampp\htdocs\yii\index.php (13)
2015/04/28 13:13:47 [error] [php] Undefined variable: connection (C:\xampp\htdocs\yii\protected\controllers\PageController.php:89)
Stack trace:
#0 C:\xampp\htdocs\yii\framework\web\actions\CInlineAction.php(47): CInlineAction->runWithParamsInternal()
#1 C:\xampp\htdocs\yii\framework\web\CController.php(308): CInlineAction->runWithParams()
#2 C:\xampp\htdocs\yii\framework\web\CController.php(286): PageController->runAction()
#3 C:\xampp\htdocs\yii\framework\web\CController.php(265): PageController->runActionWithFilters()
#4 C:\xampp\htdocs\yii\framework\web\CWebApplication.php(282): PageController->run()
#5 C:\xampp\htdocs\yii\framework\web\CWebApplication.php(141): CWebApplication->runController()
#6 C:\xampp\htdocs\yii\framework\base\CApplication.php(184): CWebApplication->processRequest()
#7 C:\xampp\htdocs\yii\index.php(13): CWebApplication->run()
REQUEST_URI=/yii/page/update/110
in C:\xampp\htdocs\yii\protected\controllers\PageController.php (89)
in C:\xampp\htdocs\yii\index.php (13)
2015/04/28 13:14:39 [error] [php] Undefined variable: connection (C:\xampp\htdocs\yii\protected\controllers\PageController.php:89)
Stack trace:
#0 C:\xampp\htdocs\yii\framework\web\actions\CInlineAction.php(47): CInlineAction->runWithParamsInternal()
#1 C:\xampp\htdocs\yii\framework\web\CController.php(308): CInlineAction->runWithParams()
#2 C:\xampp\htdocs\yii\framework\web\CController.php(286): PageController->runAction()
#3 C:\xampp\htdocs\yii\framework\web\CController.php(265): PageController->runActionWithFilters()
#4 C:\xampp\htdocs\yii\framework\web\CWebApplication.php(282): PageController->run()
#5 C:\xampp\htdocs\yii\framework\web\CWebApplication.php(141): CWebApplication->runController()
#6 C:\xampp\htdocs\yii\framework\base\CApplication.php(184): CWebApplication->processRequest()
#7 C:\xampp\htdocs\yii\index.php(13): CWebApplication->run()
REQUEST_URI=/yii/page/update/110
in C:\xampp\htdocs\yii\protected\controllers\PageController.php (89)
in C:\xampp\htdocs\yii\index.php (13)
2015/04/28 13:15:42 [error] [php] Undefined variable: connection (C:\xampp\htdocs\yii\protected\controllers\PageController.php:89)
Stack trace:
#0 C:\xampp\htdocs\yii\framework\web\actions\CInlineAction.php(47): CInlineAction->runWithParamsInternal()
#1 C:\xampp\htdocs\yii\framework\web\CController.php(308): CInlineAction->runWithParams()
#2 C:\xampp\htdocs\yii\framework\web\CController.php(286): PageController->runAction()
#3 C:\xampp\htdocs\yii\framework\web\CController.php(265): PageController->runActionWithFilters()
#4 C:\xampp\htdocs\yii\framework\web\CWebApplication.php(282): PageController->run()
#5 C:\xampp\htdocs\yii\framework\web\CWebApplication.php(141): CWebApplication->runController()
#6 C:\xampp\htdocs\yii\framework\base\CApplication.php(184): CWebApplication->processRequest()
#7 C:\xampp\htdocs\yii\index.php(13): CWebApplication->run()
REQUEST_URI=/yii/page/update/110
in C:\xampp\htdocs\yii\protected\controllers\PageController.php (89)
in C:\xampp\htdocs\yii\index.php (13)
2015/04/28 14:31:29 [error] [exception.CHttpException.404] exception 'CHttpException' with message 'The system is unable to find the requested action "index".' in C:\xampp\htdocs\yii\framework\web\CController.php:483
Stack trace:
#0 C:\xampp\htdocs\yii\framework\web\CController.php(270): CController->missingAction('')
#1 C:\xampp\htdocs\yii\framework\web\CWebApplication.php(282): CController->run('')
#2 C:\xampp\htdocs\yii\framework\web\CWebApplication.php(141): CWebApplication->runController('')
#3 C:\xampp\htdocs\yii\framework\base\CApplication.php(184): CWebApplication->processRequest()
#4 C:\xampp\htdocs\yii\index.php(13): CApplication->run()
#5 {main}
REQUEST_URI=/yii/
---
2015/04/28 14:44:47 [error] [exception.CHttpException.404] exception 'CHttpException' with message 'The system is unable to find the requested action "index".' in C:\xampp\htdocs\yii\framework\web\CController.php:483
Stack trace:
#0 C:\xampp\htdocs\yii\framework\web\CController.php(270): CController->missingAction('')
#1 C:\xampp\htdocs\yii\framework\web\CWebApplication.php(282): CController->run('')
#2 C:\xampp\htdocs\yii\framework\web\CWebApplication.php(141): CWebApplication->runController('')
#3 C:\xampp\htdocs\yii\framework\base\CApplication.php(184): CWebApplication->processRequest()
#4 C:\xampp\htdocs\yii\index.php(13): CApplication->run()
#5 {main}
REQUEST_URI=/yii/
---
2015/04/28 15:05:59 [error] [php] include(Pegawa.php): failed to open stream: No such file or directory (C:\xampp\htdocs\yii\framework\YiiBase.php:432)
Stack trace:
#0 C:\xampp\htdocs\yii\protected\controllers\PageController.php(64): spl_autoload_call()
#1 C:\xampp\htdocs\yii\framework\web\actions\CInlineAction.php(49): PageController->actionCreate()
#2 C:\xampp\htdocs\yii\framework\web\CController.php(308): CInlineAction->runWithParams()
#3 C:\xampp\htdocs\yii\framework\web\CController.php(286): PageController->runAction()
#4 C:\xampp\htdocs\yii\framework\web\CController.php(265): PageController->runActionWithFilters()
#5 C:\xampp\htdocs\yii\framework\web\CWebApplication.php(282): PageController->run()
#6 C:\xampp\htdocs\yii\framework\web\CWebApplication.php(141): CWebApplication->runController()
#7 C:\xampp\htdocs\yii\framework\base\CApplication.php(184): CWebApplication->processRequest()
#8 C:\xampp\htdocs\yii\index.php(13): CWebApplication->run()
REQUEST_URI=/yii/page/create
in C:\xampp\htdocs\yii\protected\controllers\PageController.php (64)
in C:\xampp\htdocs\yii\index.php (13)
2015/04/28 15:06:14 [error] [php] include(Pegawa.php): failed to open stream: No such file or directory (C:\xampp\htdocs\yii\framework\YiiBase.php:432)
Stack trace:
#0 C:\xampp\htdocs\yii\protected\controllers\PageController.php(64): spl_autoload_call()
#1 C:\xampp\htdocs\yii\framework\web\actions\CInlineAction.php(49): PageController->actionCreate()
#2 C:\xampp\htdocs\yii\framework\web\CController.php(308): CInlineAction->runWithParams()
#3 C:\xampp\htdocs\yii\framework\web\CController.php(286): PageController->runAction()
#4 C:\xampp\htdocs\yii\framework\web\CController.php(265): PageController->runActionWithFilters()
#5 C:\xampp\htdocs\yii\framework\web\CWebApplication.php(282): PageController->run()
#6 C:\xampp\htdocs\yii\framework\web\CWebApplication.php(141): CWebApplication->runController()
#7 C:\xampp\htdocs\yii\framework\base\CApplication.php(184): CWebApplication->processRequest()
#8 C:\xampp\htdocs\yii\index.php(13): CWebApplication->run()
REQUEST_URI=/yii/page/create
in C:\xampp\htdocs\yii\protected\controllers\PageController.php (64)
in C:\xampp\htdocs\yii\index.php (13)
2015/04/28 15:14:04 [error] [php] include(Produk.php): failed to open stream: No such file or directory (C:\xampp\htdocs\yii\framework\YiiBase.php:432)
Stack trace:
#0 C:\xampp\htdocs\yii\protected\controllers\PageController.php(17): spl_autoload_call()
#1 C:\xampp\htdocs\yii\framework\web\actions\CInlineAction.php(49): PageController->actionTable()
#2 C:\xampp\htdocs\yii\framework\web\CController.php(308): CInlineAction->runWithParams()
#3 C:\xampp\htdocs\yii\framework\web\CController.php(286): PageController->runAction()
#4 C:\xampp\htdocs\yii\framework\web\CController.php(265): PageController->runActionWithFilters()
#5 C:\xampp\htdocs\yii\framework\web\CWebApplication.php(282): PageController->run()
#6 C:\xampp\htdocs\yii\framework\web\CWebApplication.php(141): CWebApplication->runController()
#7 C:\xampp\htdocs\yii\framework\base\CApplication.php(184): CWebApplication->processRequest()
#8 C:\xampp\htdocs\yii\index.php(13): CWebApplication->run()
REQUEST_URI=/yii/page/table
in C:\xampp\htdocs\yii\protected\controllers\PageController.php (17)
in C:\xampp\htdocs\yii\index.php (13)
2015/04/29 12:05:54 [error] [exception.CHttpException.400] exception 'CHttpException' with message 'Your request is invalid.' in C:\xampp\htdocs\yii\framework\web\CController.php:336
Stack trace:
#0 C:\xampp\htdocs\yii\framework\web\CController.php(309): CController->invalidActionParams(Object(CInlineAction))
#1 C:\xampp\htdocs\yii\framework\web\CController.php(286): CController->runAction(Object(CInlineAction))
#2 C:\xampp\htdocs\yii\framework\web\CController.php(265): CController->runActionWithFilters(Object(CInlineAction), Array)
#3 C:\xampp\htdocs\yii\framework\web\CWebApplication.php(282): CController->run('update')
#4 C:\xampp\htdocs\yii\framework\web\CWebApplication.php(141): CWebApplication->runController('page/update/und...')
#5 C:\xampp\htdocs\yii\framework\base\CApplication.php(184): CWebApplication->processRequest()
#6 C:\xampp\htdocs\yii\index.php(13): CApplication->run()
#7 {main}
REQUEST_URI=/yii/page/update/undefined
HTTP_REFERER=http://localhost/yii/
---
2015/04/29 12:09:36 [error] [php] include(Produk.php): failed to open stream: No such file or directory (C:\xampp\htdocs\yii\framework\YiiBase.php:432)
Stack trace:
#0 C:\xampp\htdocs\yii\protected\controllers\PageController.php(57): spl_autoload_call()
#1 unknown(0): PageController->actionDelete()
#2 C:\xampp\htdocs\yii\framework\web\actions\CAction.php(109): ReflectionMethod->invokeArgs()
#3 C:\xampp\htdocs\yii\framework\web\actions\CInlineAction.php(47): CInlineAction->runWithParamsInternal()
#4 C:\xampp\htdocs\yii\framework\web\CController.php(308): CInlineAction->runWithParams()
#5 C:\xampp\htdocs\yii\framework\web\CController.php(286): PageController->runAction()
#6 C:\xampp\htdocs\yii\framework\web\CController.php(265): PageController->runActionWithFilters()
#7 C:\xampp\htdocs\yii\framework\web\CWebApplication.php(282): PageController->run()
#8 C:\xampp\htdocs\yii\framework\web\CWebApplication.php(141): CWebApplication->runController()
#9 C:\xampp\htdocs\yii\framework\base\CApplication.php(184): CWebApplication->processRequest()
#10 C:\xampp\htdocs\yii\index.php(13): CWebApplication->run()
REQUEST_URI=/yii/page/delete/186
in C:\xampp\htdocs\yii\protected\controllers\PageController.php (57)
in C:\xampp\htdocs\yii\index.php (13)
2015/04/29 12:09:40 [error] [php] include(Produk.php): failed to open stream: No such file or directory (C:\xampp\htdocs\yii\framework\YiiBase.php:432)
Stack trace:
#0 C:\xampp\htdocs\yii\protected\controllers\PageController.php(57): spl_autoload_call()
#1 unknown(0): PageController->actionDelete()
#2 C:\xampp\htdocs\yii\framework\web\actions\CAction.php(109): ReflectionMethod->invokeArgs()
#3 C:\xampp\htdocs\yii\framework\web\actions\CInlineAction.php(47): CInlineAction->runWithParamsInternal()
#4 C:\xampp\htdocs\yii\framework\web\CController.php(308): CInlineAction->runWithParams()
#5 C:\xampp\htdocs\yii\framework\web\CController.php(286): PageController->runAction()
#6 C:\xampp\htdocs\yii\framework\web\CController.php(265): PageController->runActionWithFilters()
#7 C:\xampp\htdocs\yii\framework\web\CWebApplication.php(282): PageController->run()
#8 C:\xampp\htdocs\yii\framework\web\CWebApplication.php(141): CWebApplication->runController()
#9 C:\xampp\htdocs\yii\framework\base\CApplication.php(184): CWebApplication->processRequest()
#10 C:\xampp\htdocs\yii\index.php(13): CWebApplication->run()
REQUEST_URI=/yii/page/delete/186
in C:\xampp\htdocs\yii\protected\controllers\PageController.php (57)
in C:\xampp\htdocs\yii\index.php (13)
